<?xml version="1.0" encoding="UTF-8"?>
<!-- Generated by org.testng.reporters.JUnitReportReporter -->
<testsuite skipped="0" hostname="Chriss-MacBook-Pro.local"
	name="Testcases.CNCPageTest" tests="2" failures="0"
	timestamp="2020-06-29T13:28:10 EDT" time="24.234" errors="0">
	<testcase name="verifyAdvantageTitleTest" time="8.645"
		classname="Testcases.CNCPageTest" />
	<testcase name="verifyServiceOptions" time="15.589"
		classname="Testcases.CNCPageTest" />
</testsuite> <!-- Testcases.CNCPageTest -->
