<?xml version="1.0" encoding="UTF-8"?>
<!-- Generated by org.testng.reporters.JUnitReportReporter -->
<testsuite skipped="0" hostname="Chriss-MacBook-Pro.local" name="Testcases.CNCPageTest" tests="1" failures="0" timestamp="2020-06-20T22:08:41 EDT" time="5.862" errors="0">
  <testcase name="verifyCNCPageTitleTest" time="5.862" classname="Testcases.CNCPageTest"/>
  <system-out/>
</testsuite> <!-- Testcases.CNCPageTest -->
