<?xml version="1.0" encoding="UTF-8"?>
<!-- Generated by org.testng.reporters.JUnitReportReporter -->
<testsuite skipped="3" hostname="Chriss-MacBook-Pro.local" name="Testcases.HomePageTest" tests="8" failures="0" timestamp="2020-07-05T22:14:34 EDT" time="105.682" errors="0">
  <testcase name="getHomePageLinksAmountTest" time="5.408" classname="Testcases.HomePageTest"/>
  <testcase name="verifySmallBusiness_CCOptionTitleTest" time="12.690" classname="Testcases.HomePageTest"/>
  <testcase name="verifySmallBusiness_PayrollOptionTitleTest" time="10.809" classname="Testcases.HomePageTest"/>
  <testcase name="verifySmallBusiness_CashMngmntOptionTitleTest" time="10.030" classname="Testcases.HomePageTest"/>
  <testcase name="verifySmallBusiness_PayrollOptionTitleTest" time="35.935" classname="Testcases.HomePageTest">
    <skipped/>
  </testcase> <!-- verifySmallBusiness_PayrollOptionTitleTest -->
  <testcase name="verifySignOnMenuOpensTest" time="5.268" classname="Testcases.HomePageTest"/>
  <testcase name="verifySmallBusiness_PayrollOptionTitleTest" time="25.542" classname="Testcases.HomePageTest">
    <skipped/>
  </testcase> <!-- verifySmallBusiness_PayrollOptionTitleTest -->
  <testcase name="checkCNCHoverByOptionsTest" classname="Testcases.HomePageTest">
    <skipped/>
  </testcase> <!-- checkCNCHoverByOptionsTest -->
</testsuite> <!-- Testcases.HomePageTest -->
