<?xml version="1.0" encoding="UTF-8"?>
<!-- Generated by org.testng.reporters.JUnitReportReporter -->
<testsuite skipped="0" hostname="Chriss-MacBook-Pro.local"
	name="Testcases.HomePageTest" tests="2" failures="0"
	timestamp="2020-06-24T17:09:43 EDT" time="12.994" errors="0">
	<testcase name="getHomePageLinksAmount" time="7.727"
		classname="Testcases.HomePageTest" />
	<testcase name="verifySignOnMenuOpens" time="5.267"
		classname="Testcases.HomePageTest" />
</testsuite> <!-- Testcases.HomePageTest -->
