<?xml version="1.0" encoding="UTF-8"?>
<!-- Generated by org.testng.reporters.JUnitReportReporter -->
<testsuite skipped="0" hostname="Chriss-MacBook-Pro.local" name="Testcases.CNCPageTest" tests="2" failures="0" timestamp="2020-06-24T17:09:43 EDT" time="25.397" errors="0">
  <testcase name="verifyAdvantageTitleTest" time="12.399" classname="Testcases.CNCPageTest"/>
  <testcase name="verifyServiceOptions" time="12.998" classname="Testcases.CNCPageTest"/>
</testsuite> <!-- Testcases.CNCPageTest -->
