<?xml version="1.0" encoding="UTF-8"?>
<!-- Generated by org.testng.reporters.JUnitReportReporter -->
<testsuite skipped="1" hostname="Chriss-MacBook-Pro.local" name="Testcases.HomePageTest" tests="6" failures="0" timestamp="2020-07-06T08:24:45 EDT" time="44.243" errors="0">
  <testcase name="verifySmallBusiness_CashMngmntOptionTitleTest" time="10.434" classname="Testcases.HomePageTest"/>
  <system-out/>
  <testcase name="verifySignOnMenuOpensTest" time="4.120" classname="Testcases.HomePageTest"/>
  <system-out/>
  <testcase name="getHomePageLinksAmountTest" time="6.237" classname="Testcases.HomePageTest"/>
  <system-out/>
  <testcase name="verifySmallBusiness_PayrollOptionTitleTest" time="12.682" classname="Testcases.HomePageTest"/>
  <system-out/>
  <testcase name="verifySmallBusiness_CCOptionTitleTest" time="10.770" classname="Testcases.HomePageTest"/>
  <system-out/>
  <testcase name="checkCNCHoverByOptionsTest" classname="Testcases.HomePageTest">
    <skipped/>
  </testcase> <!-- checkCNCHoverByOptionsTest -->
  <system-out/>
</testsuite> <!-- Testcases.HomePageTest -->
