<?xml version="1.0" encoding="UTF-8"?>
<!-- Generated by org.testng.reporters.JUnitReportReporter -->
<testsuite skipped="3" hostname="Chriss-MacBook-Pro.local" name="Testcases.HomePageTest" tests="8" failures="0" timestamp="2020-07-05T22:18:01 EDT" time="115.759" errors="0">
  <testcase name="verifySmallBusiness_CCOptionTitleTest" time="11.654" classname="Testcases.HomePageTest"/>
  <system-out/>
  <testcase name="verifySmallBusiness_CashMngmntOptionTitleTest" time="10.402" classname="Testcases.HomePageTest"/>
  <system-out/>
  <testcase name="verifySmallBusiness_CashMngmntOptionTitleTest" time="34.655" classname="Testcases.HomePageTest">
    <skipped/>
  </testcase> <!-- verifySmallBusiness_CashMngmntOptionTitleTest -->
  <system-out/>
  <testcase name="verifySmallBusiness_PayrollOptionTitleTest" time="34.558" classname="Testcases.HomePageTest">
    <skipped/>
  </testcase> <!-- verifySmallBusiness_PayrollOptionTitleTest -->
  <system-out/>
  <testcase name="getHomePageLinksAmountTest" time="5.850" classname="Testcases.HomePageTest"/>
  <system-out/>
  <testcase name="verifySignOnMenuOpensTest" time="8.622" classname="Testcases.HomePageTest"/>
  <system-out/>
  <testcase name="verifySmallBusiness_PayrollOptionTitleTest" time="10.018" classname="Testcases.HomePageTest"/>
  <system-out/>
  <testcase name="checkCNCHoverByOptionsTest" classname="Testcases.HomePageTest">
    <skipped/>
  </testcase> <!-- checkCNCHoverByOptionsTest -->
  <system-out/>
</testsuite> <!-- Testcases.HomePageTest -->
